<?xml version="1.0" encoding="UTF-8"?>
<!-- Generated by org.testng.reporters.JUnitReportReporter -->
<testsuite hostname="SHARIF-PC" failures="0" tests="1" name="com.API.APITest" time="1.505" errors="0" timestamp="11 Sep 2022 03:00:46 GMT" skipped="0">
  <testcase classname="com.API.APITest" name="getMethod" time="1.505"/>
</testsuite> <!-- com.API.APITest -->
