<?xml version="1.0" encoding="UTF-8"?>
<!-- Generated by org.testng.reporters.JUnitReportReporter -->
<testsuite hostname="SHARIF-PC" failures="0" tests="1" name="com.Runner.RunnerOrange" time="0.145" errors="0" timestamp="05 Sep 2022 02:01:41 GMT" skipped="0">
  <testcase classname="com.Runner.RunnerOrange" name="runScenario" time="0.145"/>
</testsuite> <!-- com.Runner.RunnerOrange -->
