<?xml version="1.0" encoding="UTF-8"?>
<!-- Generated by org.testng.reporters.JUnitReportReporter -->
<testsuite hostname="SHARIF-PC" failures="0" tests="1" name="run.RunClass" time="0.103" errors="0" timestamp="05 Sep 2022 01:52:06 GMT" skipped="0">
  <testcase classname="run.RunClass" name="runScenario" time="0.103"/>
</testsuite> <!-- run.RunClass -->
